<?xml version="1.0" encoding="UTF-8"?>
<testsuite name="com.djh.demo.service.UserServiceTest" time="0.531" tests="7" errors="0" skipped="0" failures="0">
  <properties>
[...]
</properties>
  <testcase name="testFindUserByIdIfIdExist" classname="com.djh.demo.service.UserServiceTest" time="0.44"/>
  <testcase name="testFindUserByIdIfIdNotExist" classname="com.djh.demo.service.UserServiceTest" time="0.017"/>
  <testcase name="testFindAllUserIfUserIsNotEmpty" classname="com.djh.demo.service.UserServiceTest" time="0.024"/>
  <testcase name="testFindAllUserIfUserIsEmpty" classname="com.djh.demo.service.UserServiceTest" time="0.01"/>
  <testcase name="testSaveUserIfEmailNotExistAndUserNotExist" classname="com.djh.demo.service.UserServiceTest" time="0.013"/>
  <testcase name="testSaveUserIfEmailAlreadyExist" classname="com.djh.demo.service.UserServiceTest" time="0.01"/>
  <testcase name="testSaveUserIfEmailNotExistAndUserExist" classname="com.djh.demo.service.UserServiceTest" time="0.017"/>
</testsuite>